
**** Clean-only build of configuration Debug for project lab2 ****

"C:\\ti\\ccsv6\\utils\\bin\\gmake" -k clean 
DEL /F  "lab2.out"  "lab2.bin" 
No se pudo encontrar C:\Users\exo smarte qm7\Projects\TM4C123GXL_Getting_Started\lab2\Debug\lab2.out
DEL /F "main.pp" "tm4c123gh6pm_startup_ccs.pp" 
No se pudo encontrar C:\Users\exo smarte qm7\Projects\TM4C123GXL_Getting_Started\lab2\Debug\main.pp
DEL /F "main.obj" "tm4c123gh6pm_startup_ccs.obj" 
No se pudo encontrar C:\Users\exo smarte qm7\Projects\TM4C123GXL_Getting_Started\lab2\Debug\main.obj
'Finished clean'
' '

**** Build Finished ****

**** Build of configuration Debug for project lab2 ****

"C:\\ti\\ccsv6\\utils\\bin\\gmake" -k all 
'Building file: ../main.c'
'Invoking: ARM Compiler'
"C:/ti/ccsv6/tools/compiler/ti-cgt-arm_5.2.5/bin/armcl" -mv7M4 --code_state=16 --float_support=FPv4SPD16 --abi=eabi -me --include_path="C:/ti/ccsv6/tools/compiler/ti-cgt-arm_5.2.5/include" --include_path="C:/ti/TivaWare_C_Series-2.1.1.71" -g --gcc --define=ccs="ccs" --define=PART_TM4C123GH6PM --display_error_number --diag_warning=225 --diag_wrap=off --preproc_with_compile --preproc_dependency="main.pp"  "../main.c"
'Finished building: ../main.c'
' '
'Building file: ../tm4c123gh6pm_startup_ccs.c'
'Invoking: ARM Compiler'
"C:/ti/ccsv6/tools/compiler/ti-cgt-arm_5.2.5/bin/armcl" -mv7M4 --code_state=16 --float_support=FPv4SPD16 --abi=eabi -me --include_path="C:/ti/ccsv6/tools/compiler/ti-cgt-arm_5.2.5/include" --include_path="C:/ti/TivaWare_C_Series-2.1.1.71" -g --gcc --define=ccs="ccs" --define=PART_TM4C123GH6PM --display_error_number --diag_warning=225 --diag_wrap=off --preproc_with_compile --preproc_dependency="tm4c123gh6pm_startup_ccs.pp"  "../tm4c123gh6pm_startup_ccs.c"
'Finished building: ../tm4c123gh6pm_startup_ccs.c'
' '
'Building target: lab2.out'
'Invoking: ARM Linker'
"C:/ti/ccsv6/tools/compiler/ti-cgt-arm_5.2.5/bin/armcl" -mv7M4 --code_state=16 --float_support=FPv4SPD16 --abi=eabi -me -g --gcc --define=ccs="ccs" --define=PART_TM4C123GH6PM --display_error_number --diag_warning=225 --diag_wrap=off -z -m"lab2.map" --heap_size=0 --stack_size=512 -i"C:/ti/ccsv6/tools/compiler/ti-cgt-arm_5.2.5/lib" -i"C:/ti/ccsv6/tools/compiler/ti-cgt-arm_5.2.5/include" --reread_libs --warn_sections --display_error_number --diag_wrap=off --xml_link_info="lab2_linkInfo.xml" --rom_model -o "lab2.out" "./main.obj" "./tm4c123gh6pm_startup_ccs.obj" "C:/ti/TivaWare_C_Series-2.1.1.71/driverlib/ccs/Debug/driverlib.lib" "../tm4c123gh6pm.cmd"  -l"libc.a" 
<Linking>
'Finished building target: lab2.out'
' '
"C:/ti/ccsv6/utils/tiobj2bin/tiobj2bin" "lab2.out" "lab2.bin" "C:/ti/ccsv6/tools/compiler/ti-cgt-arm_5.2.5/bin/armofd" "C:/ti/ccsv6/tools/compiler/ti-cgt-arm_5.2.5/bin/armhex" "C:/ti/ccsv6/utils/tiobj2bin/mkhex4bin"
' '

**** Build Finished ****

**** Build of configuration Debug for project lab2 ****

"C:\\ti\\ccsv6\\utils\\bin\\gmake" -k all 
gmake: Nothing to be done for `all'.

**** Build Finished ****
